May 10 13:27 : update: added Success/리쌍 - 광대.mp3
May 10 13:27 : update: added Success/빈지노 - If I Die Tomorrow.mp3
May 10 13:27 : update: added Success/Skinny Brown - If I die (Feat. ASH ISLAND).mp3
May 10 13:27 : update: added Success/이센스 - 독.mp3
May 10 13:27 : update: added Success/언에듀케이티드 키드 - Street Kid (Feat. CHANGMO).mp3
May 10 13:27 : update: added Success/도끼 - On My Way (Feat. Zion.T).mp3
May 10 13:27 : update: added Success/Polo G - Through Da Storm.mp3
May 10 13:27 : update: added Success/Sabrina Carpenter - Exhale.mp3
May 10 13:27 : update: added Success/Eminem - Stan.mp3
May 10 13:27 : update: added Success/Epik High - Love Love Love.mp3
May 10 13:27 : update: added Success/호미들 - 사이렌.mp3
May 10 13:27 : update: added Success/E SENS - 서울.mp3
May 10 13:27 : update: added Success/I_mma Overcome (이겨낼거야).mp3
May 10 13:30 : update: added Success/리쌍 - 광대.mp3
May 10 13:30 : update: added Success/빈지노 - If I Die Tomorrow.mp3
May 10 13:30 : update: added Success/Skinny Brown - If I die (Feat. ASH ISLAND).mp3
May 10 13:30 : update: added Success/이센스 - 독.mp3
May 10 13:30 : update: added Success/언에듀케이티드 키드 - Street Kid (Feat. CHANGMO).mp3
May 10 13:30 : update: added Success/도끼 - On My Way (Feat. Zion.T).mp3
May 10 13:30 : update: added Success/Polo G - Through Da Storm.mp3
May 10 13:30 : update: added Success/Sabrina Carpenter - Exhale.mp3
May 10 13:30 : update: added Success/Eminem - Stan.mp3
May 10 13:30 : update: added Success/Epik High - Love Love Love.mp3
May 10 13:30 : update: added Success/호미들 - 사이렌.mp3
May 10 13:30 : update: added Success/E SENS - 서울.mp3
May 10 13:30 : update: added Success/I_mma Overcome (이겨낼거야).mp3
May 10 13:32 : player: played "Success/Eminem - Stan.mp3"
May 10 13:37 : player: played "Success/E SENS - 서울.mp3"
May 10 13:40 : player: played "Success/E SENS - 서울.mp3"
May 10 13:40 : player: played "Success/E SENS - 서울.mp3"
May 10 13:43 : player: played "Success/Polo G - Through Da Storm.mp3"
May 10 13:47 : player: played "Success/빈지노 - If I Die Tomorrow.mp3"
May 10 14:09 : player: played "Success/도끼 - On My Way (Feat. Zion.T).mp3"
May 10 14:14 : player: played "Success/리쌍 - 광대.mp3"
May 10 14:18 : player: played "Success/이센스 - 독.mp3"
May 10 14:22 : player: played "Success/언에듀케이티드 키드 - Street Kid (Feat. CHANGMO).mp3"
May 10 14:35 : player: played "Success/Polo G - Through Da Storm.mp3"
May 10 17:01 : player: played "Success/Polo G - Through Da Storm.mp3"
May 10 17:08 : player: played "Success/Polo G - Through Da Storm.mp3"
May 10 17:08 : player: played "Success/Polo G - Through Da Storm.mp3"
May 10 17:18 : player: played "Success/Polo G - Through Da Storm.mp3"
May 10 17:22 : player: played "Success/이센스 - 독.mp3"
May 10 17:53 : player: played "Success/Eminem - Stan.mp3"
May 10 17:54 : player: played "Success/Epik High - Love Love Love.mp3"
May 10 18:01 : player: played "Success/Skinny Brown - If I die (Feat. ASH ISLAND).mp3"
May 10 18:01 : player: played "Success/이센스 - 독.mp3"
May 10 18:37 : player: played "Success/Epik High - Love Love Love.mp3"
May 10 18:55 : update: added /Invisible Inc. - Pure.mp3
May 10 18:58 : player: played "Invisible Inc. - Pure.mp3"
May 10 19:00 : player: played "Success/E SENS - 서울.mp3"
May 10 19:08 : player: played "Success/Eminem - Stan.mp3"
May 10 19:08 : player: played "Success/Polo G - Through Da Storm.mp3"
May 10 19:12 : player: played "Invisible Inc. - Pure.mp3"
May 10 19:15 : player: played "Invisible Inc. - Pure.mp3"
May 10 19:18 : player: played "Invisible Inc. - Pure.mp3"
May 10 19:21 : player: played "Invisible Inc. - Pure.mp3"
May 10 19:24 : player: played "Invisible Inc. - Pure.mp3"
May 10 19:27 : player: played "Invisible Inc. - Pure.mp3"
May 10 19:30 : player: played "Invisible Inc. - Pure.mp3"
May 10 19:33 : player: played "Invisible Inc. - Pure.mp3"
May 10 19:37 : player: played "Invisible Inc. - Pure.mp3"
May 10 19:40 : player: played "Invisible Inc. - Pure.mp3"
May 10 19:43 : player: played "Invisible Inc. - Pure.mp3"
May 10 19:45 : player: played "Success/빈지노 - If I Die Tomorrow.mp3"
May 10 19:49 : player: played "Invisible Inc. - Pure.mp3"
May 10 19:52 : player: played "Invisible Inc. - Pure.mp3"
May 10 19:55 : player: played "Invisible Inc. - Pure.mp3"
May 10 19:58 : player: played "Invisible Inc. - Pure.mp3"
May 10 20:01 : player: played "Invisible Inc. - Pure.mp3"
May 10 20:08 : player: played "Success/Polo G - Through Da Storm.mp3"
May 10 20:11 : player: played "Success/Polo G - Through Da Storm.mp3"
May 10 20:14 : player: played "Success/Polo G - Through Da Storm.mp3"
May 10 20:18 : player: played "Invisible Inc. - Pure.mp3"
May 10 22:30 : player: played "Success/언에듀케이티드 키드 - Street Kid (Feat. CHANGMO).mp3"
May 11 20:09 : player: played "Invisible Inc. - Pure.mp3"
May 11 20:09 : player: played "Invisible Inc. - Pure.mp3"
May 11 20:09 : player: played "Invisible Inc. - Pure.mp3"
May 11 20:10 : player: played "Success/I_mma Overcome (이겨낼거야).mp3"
May 11 20:10 : player: played "Success/Polo G - Through Da Storm.mp3"
May 11 21:28 : player: played "Invisible Inc. - Pure.mp3"
May 11 21:31 : player: played "Invisible Inc. - Pure.mp3"
May 11 21:34 : player: played "Invisible Inc. - Pure.mp3"
May 11 21:37 : player: played "Invisible Inc. - Pure.mp3"
May 11 21:42 : player: played "Invisible Inc. - Pure.mp3"
May 11 22:01 : player: played "Success/Polo G - Through Da Storm.mp3"
May 11 22:05 : player: played "Success/Polo G - Through Da Storm.mp3"
May 11 22:08 : player: played "Success/Polo G - Through Da Storm.mp3"
May 11 22:10 : player: played "Invisible Inc. - Pure.mp3"
May 12 09:06 : player: played "Invisible Inc. - Pure.mp3"
